#
# There is insufficient memory for the Java Runtime Environment to continue.
# Native memory allocation (malloc) failed to allocate 2172016 bytes for Chunk::new
# Possible reasons:
#   The system is out of physical RAM or swap space
#   The process is running with CompressedOops enabled, and the Java Heap may be blocking the growth of the native heap
# Possible solutions:
#   Reduce memory load on the system
#   Increase physical memory or swap space
#   Check if swap backing store is full
#   Decrease Java heap size (-Xmx/-Xms)
#   Decrease number of Java threads
#   Decrease Java thread stack sizes (-Xss)
#   Set larger code cache with -XX:ReservedCodeCacheSize=
#   JVM is running with Unscaled Compressed Oops mode in which the Java heap is
#     placed in the first 4GB address space. The Java Heap base address is the
#     maximum limit for the native heap growth. Please use -XX:HeapBaseMinAddress
#     to set the Java Heap base and to place the Java Heap above 4GB virtual address.
# This output file may be truncated or incomplete.
#
#  Out of Memory Error (allocation.cpp:389), pid=18972, tid=0x00000000000049ec
#
# JRE version: OpenJDK Runtime Environment (8.0_212-b04) (build 1.8.0_212-release-1586-b04)
# Java VM: OpenJDK 64-Bit Server VM (25.212-b04 mixed mode windows-amd64 compressed oops)
# Failed to write core dump. Minidumps are not enabled by default on client versions of Windows
#

---------------  T H R E A D  ---------------

Current thread (0x0000000017e6b000):  JavaThread "C2 CompilerThread1" daemon [_thread_in_native, id=18924, stack(0x0000000019870000,0x0000000019970000)]

Stack: [0x0000000019870000,0x0000000019970000]
[error occurred during error reporting (printing stack bounds), id 0xc0000005]

Native frames: (J=compiled Java code, j=interpreted, Vv=VM code, C=native code)


Current CompileTask:
C2:  35748 9815 %     4       com.android.tools.r8.ir.regalloc.LinearScanRegisterAllocator::a @ 2036 (3743 bytes)


---------------  P R O C E S S  ---------------

Java Threads: ( => current thread )
  0x0000000022cb1000 JavaThread "stdout" [_thread_new, id=18916, stack(0x0000000000000000,0x0000000000000000)]
  0x0000000022ca9800 JavaThread "stderr" [_thread_new, id=19096, stack(0x0000000000000000,0x0000000000000000)]
  0x000000001a6d5800 JavaThread "stdout" [_thread_in_native, id=19400, stack(0x00000000267c0000,0x00000000268c0000)]
  0x000000001a6d7000 JavaThread "stderr" [_thread_in_native, id=18004, stack(0x00000000266c0000,0x00000000267c0000)]
  0x000000001a6d3000 JavaThread "stdout" [_thread_in_native, id=19316, stack(0x00000000261c0000,0x00000000262c0000)]
  0x000000001a6d2800 JavaThread "stderr" [_thread_in_native, id=5384, stack(0x00000000260c0000,0x00000000261c0000)]
  0x000000001a6d4000 JavaThread "pool-2-thread-1" [_thread_blocked, id=16232, stack(0x0000000025fc0000,0x00000000260c0000)]
  0x000000001a6d8800 JavaThread "MarlinRenderer Disposer" daemon [_thread_blocked, id=18584, stack(0x0000000025cc0000,0x0000000025dc0000)]
  0x000000001a6d9000 JavaThread "Java2D Disposer" daemon [_thread_blocked, id=9044, stack(0x0000000025b00000,0x0000000025c00000)]
  0x000000001a6d7800 JavaThread "WorkerExecutor Queue Thread 4" [_thread_blocked, id=18292, stack(0x0000000025600000,0x0000000025700000)]
  0x000000001dc39000 JavaThread "WorkerExecutor Queue Thread 3" [_thread_blocked, id=19440, stack(0x0000000025500000,0x0000000025600000)]
  0x000000001dc38800 JavaThread "WorkerExecutor Queue Thread 2" [_thread_blocked, id=8000, stack(0x0000000025400000,0x0000000025500000)]
  0x000000001dc37800 JavaThread "WorkerExecutor Queue" [_thread_blocked, id=15008, stack(0x0000000025300000,0x0000000025400000)]
  0x000000001dc37000 JavaThread "Cache worker for execution history cache (E:\WhiteBoardDraw\.gradle\5.4.1\executionHistory)" [_thread_blocked, id=18508, stack(0x0000000024e00000,0x0000000024f00000)]
  0x000000001dc34800 JavaThread "Execution worker for ':' Thread 3" [_thread_blocked, id=16476, stack(0x0000000024d00000,0x0000000024e00000)]
  0x000000001dc2f800 JavaThread "Execution worker for ':' Thread 2" [_thread_blocked, id=19056, stack(0x0000000024c00000,0x0000000024d00000)]
  0x000000001dc36000 JavaThread "Execution worker for ':'" [_thread_in_Java, id=18864, stack(0x0000000024b00000,0x0000000024c00000)]
  0x000000001dc33000 JavaThread "Cache worker for file content cache (E:\WhiteBoardDraw\.gradle\5.4.1\fileContent)" [_thread_blocked, id=7960, stack(0x0000000024600000,0x0000000024700000)]
  0x000000001dc2b800 JavaThread "Cache worker for file content cache (C:\Users\xiaosq\.gradle\caches\5.4.1\fileContent)" [_thread_blocked, id=19276, stack(0x0000000024500000,0x0000000024600000)]
  0x000000001dc32800 JavaThread "Memory manager" [_thread_blocked, id=6576, stack(0x0000000023fe0000,0x00000000240e0000)]
  0x000000001dc2b000 JavaThread "Cache worker for Build Output Cleanup Cache (E:\WhiteBoardDraw\.gradle\buildOutputCleanup)" [_thread_blocked, id=11372, stack(0x00000000238e0000,0x00000000239e0000)]
  0x000000001dc2e000 JavaThread "Build operations Thread 4" [_thread_blocked, id=15848, stack(0x00000000231e0000,0x00000000232e0000)]
  0x000000001dc31800 JavaThread "Build operations Thread 3" [_thread_blocked, id=9816, stack(0x00000000230e0000,0x00000000231e0000)]
  0x000000001dc2d000 JavaThread "Build operations Thread 2" [_thread_blocked, id=19256, stack(0x0000000022fe0000,0x00000000230e0000)]
  0x000000001dc2a000 JavaThread "Build operations" [_thread_blocked, id=14524, stack(0x0000000021e50000,0x0000000021f50000)]
  0x000000001dc31000 JavaThread "Cache worker for execution history cache (C:\Users\xiaosq\.gradle\caches\5.4.1\executionHistory)" [_thread_blocked, id=19424, stack(0x0000000021b50000,0x0000000021c50000)]
  0x000000001dc2c800 JavaThread "Cache worker for cache directory md-rule (C:\Users\xiaosq\.gradle\caches\5.4.1\md-rule)" [_thread_blocked, id=18804, stack(0x0000000021a50000,0x0000000021b50000)]
  0x000000001a169000 JavaThread "Cache worker for cache directory md-supplier (C:\Users\xiaosq\.gradle\caches\5.4.1\md-supplier)" [_thread_blocked, id=17148, stack(0x0000000021950000,0x0000000021a50000)]
  0x000000001a16a800 JavaThread "Cache worker for file hash cache (E:\WhiteBoardDraw\.gradle\5.4.1\fileHashes)" [_thread_blocked, id=8384, stack(0x0000000021050000,0x0000000021150000)]
  0x000000001a169800 JavaThread "Cache worker for journal cache (C:\Users\xiaosq\.gradle\caches\journal-1)" [_thread_blocked, id=17332, stack(0x000000001c910000,0x000000001ca10000)]
  0x000000001a16c800 JavaThread "File lock request listener" [_thread_in_native, id=17404, stack(0x000000001c810000,0x000000001c910000)]
  0x000000001a16b000 JavaThread "Cache worker for file hash cache (C:\Users\xiaosq\.gradle\caches\5.4.1\fileHashes)" [_thread_blocked, id=4316, stack(0x000000001c510000,0x000000001c610000)]
  0x0000000019dd4800 JavaThread "Thread-9" [_thread_blocked, id=19192, stack(0x000000001c210000,0x000000001c310000)]
  0x0000000019dc2000 JavaThread "Stdin handler" [_thread_blocked, id=18676, stack(0x000000001c110000,0x000000001c210000)]
  0x0000000019dbd000 JavaThread "Asynchronous log dispatcher for DefaultDaemonConnection: socket connection from /127.0.0.1:52551 to /127.0.0.1:52552" [_thread_blocked, id=18496, stack(0x000000001c010000,0x000000001c110000)]
  0x000000001aeca800 JavaThread "Daemon worker" [_thread_blocked, id=13248, stack(0x000000001bf10000,0x000000001c010000)]
  0x000000001aec8000 JavaThread "Cancel handler" [_thread_blocked, id=18564, stack(0x000000001be10000,0x000000001bf10000)]
  0x0000000019526000 JavaThread "Handler for socket connection from /127.0.0.1:52551 to /127.0.0.1:52552" [_thread_in_native, id=8672, stack(0x000000001bb10000,0x000000001bc10000)]
  0x0000000019523800 JavaThread "Daemon" [_thread_blocked, id=18536, stack(0x000000001ba10000,0x000000001bb10000)]
  0x00000000194d5800 JavaThread "Daemon periodic checks" [_thread_blocked, id=2980, stack(0x000000001b900000,0x000000001ba00000)]
  0x00000000194d3000 JavaThread "Incoming local TCP Connector on port 52551" [_thread_in_native, id=9840, stack(0x000000001b750000,0x000000001b850000)]
  0x000000001a8a8000 JavaThread "Daemon health stats" [_thread_blocked, id=8040, stack(0x000000001b440000,0x000000001b540000)]
  0x00000000191d2800 JavaThread "Service Thread" daemon [_thread_blocked, id=17336, stack(0x0000000019a70000,0x0000000019b70000)]
  0x00000000191c1000 JavaThread "C1 CompilerThread2" daemon [_thread_blocked, id=2720, stack(0x0000000019970000,0x0000000019a70000)]
=>0x0000000017e6b000 JavaThread "C2 CompilerThread1" daemon [_thread_in_native, id=18924, stack(0x0000000019870000,0x0000000019970000)]
  0x0000000017e1e000 JavaThread "C2 CompilerThread0" daemon [_thread_in_native, id=7780, stack(0x0000000019770000,0x0000000019870000)]
  0x0000000017e1d000 JavaThread "Attach Listener" daemon [_thread_blocked, id=18308, stack(0x0000000019670000,0x0000000019770000)]
  0x0000000019178800 JavaThread "Signal Dispatcher" daemon [_thread_blocked, id=17944, stack(0x0000000019570000,0x0000000019670000)]
  0x0000000004494000 JavaThread "Finalizer" daemon [_thread_blocked, id=13356, stack(0x0000000019070000,0x0000000019170000)]
  0x0000000004491000 JavaThread "Reference Handler" daemon [_thread_blocked, id=18980, stack(0x0000000018f70000,0x0000000019070000)]
  0x00000000043a2800 JavaThread "main" [_thread_blocked, id=600, stack(0x0000000004230000,0x0000000004330000)]

Other Threads:
  0x0000000017dd6000 VMThread [stack: 0x0000000018e70000,0x0000000018f70000] [id=15340]
  0x00000000191d3800 WatcherThread [stack: 0x0000000019b70000,0x0000000019c70000] [id=2996]

VM state:not at safepoint (normal execution)

VM Mutex/Monitor currently owned by a thread: None

heap address: 0x00000000a0000000, size: 1536 MB, Compressed Oops mode: 32-bit
Narrow klass base: 0x0000000000000000, Narrow klass shift: 3
Compressed class space size: 1073741824 Address: 0x0000000100000000

Heap:
 PSYoungGen      total 222208K, used 213880K [0x00000000e0000000, 0x00000000ef180000, 0x0000000100000000)
  eden space 203264K, 95% used [0x00000000e0000000,0x00000000ebe61a58,0x00000000ec680000)
  from space 18944K, 99% used [0x00000000ede00000,0x00000000ef07c658,0x00000000ef080000)
  to   space 22016K, 0% used [0x00000000ec680000,0x00000000ec680000,0x00000000edc00000)
 ParOldGen       total 124928K, used 38592K [0x00000000a0000000, 0x00000000a7a00000, 0x00000000e0000000)
  object space 124928K, 30% used [0x00000000a0000000,0x00000000a25b01d0,0x00000000a7a00000)
 Metaspace       used 71297K, capacity 73686K, committed 73816K, reserved 1114112K
  class space    used 9510K, capacity 10044K, committed 10112K, reserved 1048576K

Card table byte_map: [0x0000000013860000,0x0000000013b70000] byte_map_base: 0x0000000013360000

Marking Bits: (ParMarkBitMap*) 0x000000005e8c9f30
 Begin Bits: [0x0000000014170000, 0x0000000015970000)
 End Bits:   [0x0000000015970000, 0x0000000017170000)

Polling page: 0x0000000004140000

CodeCache: size=245760Kb used=31157Kb max_used=31157Kb free=214602Kb
 bounds [0x00000000044a0000, 0x0000000006330000, 0x00000000134a0000]
 total_blobs=9872 nmethods=8942 adapters=841
 compilation: enabled

Compilation events (10 events):
Event: 35.704 Thread 0x00000000191c1000 10168       3       com.android.tools.r8.ir.code.BasicBlock$$Lambda$439/2119649509::get$Lambda (9 bytes)
Event: 35.704 Thread 0x00000000191c1000 nmethod 10168 0x000000000631ad90 code [0x000000000631af00, 0x000000000631b150]
Event: 35.704 Thread 0x00000000191c1000 10169       3       com.android.tools.r8.ir.code.BasicBlock$$Lambda$439/2119649509::<init> (10 bytes)
Event: 35.704 Thread 0x00000000191c1000 nmethod 10169 0x0000000006326e50 code [0x0000000006326fa0, 0x0000000006327170]
Event: 35.704 Thread 0x00000000191c1000 10170       3       com.android.tools.r8.utils.ListUtils::map (54 bytes)
Event: 35.704 Thread 0x00000000191c1000 nmethod 10170 0x0000000006327210 code [0x0000000006327420, 0x0000000006327f88]
Event: 35.710 Thread 0x00000000191c1000 10171       3       com.android.tools.r8.ir.code.BasicBlock::f (175 bytes)
Event: 35.711 Thread 0x00000000191c1000 nmethod 10171 0x00000000063284d0 code [0x0000000006328840, 0x000000000632a648]
Event: 35.713 Thread 0x00000000191c1000 10172       3       com.android.tools.r8.graph.AppInfo::a (122 bytes)
Event: 35.714 Thread 0x00000000191c1000 nmethod 10172 0x000000000632b350 code [0x000000000632b5e0, 0x000000000632caf8]

GC Heap History (10 events):
Event: 14.873 GC heap before
{Heap before GC invocations=11 (full 2):
 PSYoungGen      total 131584K, used 10100K [0x00000000e0000000, 0x00000000ec480000, 0x0000000100000000)
  eden space 120832K, 0% used [0x00000000e0000000,0x00000000e0000000,0x00000000e7600000)
  from space 10752K, 93% used [0x00000000e7600000,0x00000000e7fdd088,0x00000000e8080000)
  to   space 11776K, 0% used [0x00000000eb900000,0x00000000eb900000,0x00000000ec480000)
 ParOldGen       total 55296K, used 11098K [0x00000000a0000000, 0x00000000a3600000, 0x00000000e0000000)
  object space 55296K, 20% used [0x00000000a0000000,0x00000000a0ad6ac8,0x00000000a3600000)
 Metaspace       used 34615K, capacity 35374K, committed 35456K, reserved 1079296K
  class space    used 4765K, capacity 4955K, committed 4992K, reserved 1048576K
Event: 14.976 GC heap after
Heap after GC invocations=11 (full 2):
 PSYoungGen      total 131584K, used 0K [0x00000000e0000000, 0x00000000ec480000, 0x0000000100000000)
  eden space 120832K, 0% used [0x00000000e0000000,0x00000000e0000000,0x00000000e7600000)
  from space 10752K, 0% used [0x00000000e7600000,0x00000000e7600000,0x00000000e8080000)
  to   space 11776K, 0% used [0x00000000eb900000,0x00000000eb900000,0x00000000ec480000)
 ParOldGen       total 79360K, used 17285K [0x00000000a0000000, 0x00000000a4d80000, 0x00000000e0000000)
  object space 79360K, 21% used [0x00000000a0000000,0x00000000a10e16d8,0x00000000a4d80000)
 Metaspace       used 34605K, capacity 35338K, committed 35456K, reserved 1079296K
  class space    used 4762K, capacity 4949K, committed 4992K, reserved 1048576K
}
Event: 16.664 GC heap before
{Heap before GC invocations=12 (full 2):
 PSYoungGen      total 131584K, used 120832K [0x00000000e0000000, 0x00000000ec480000, 0x0000000100000000)
  eden space 120832K, 100% used [0x00000000e0000000,0x00000000e7600000,0x00000000e7600000)
  from space 10752K, 0% used [0x00000000e7600000,0x00000000e7600000,0x00000000e8080000)
  to   space 11776K, 0% used [0x00000000eb900000,0x00000000eb900000,0x00000000ec480000)
 ParOldGen       total 79360K, used 17285K [0x00000000a0000000, 0x00000000a4d80000, 0x00000000e0000000)
  object space 79360K, 21% used [0x00000000a0000000,0x00000000a10e16d8,0x00000000a4d80000)
 Metaspace       used 45732K, capacity 46904K, committed 47232K, reserved 1089536K
  class space    used 6158K, capacity 6451K, committed 6528K, reserved 1048576K
Event: 16.683 GC heap after
Heap after GC invocations=12 (full 2):
 PSYoungGen      total 171008K, used 11758K [0x00000000e0000000, 0x00000000ec480000, 0x0000000100000000)
  eden space 159232K, 0% used [0x00000000e0000000,0x00000000e0000000,0x00000000e9b80000)
  from space 11776K, 99% used [0x00000000eb900000,0x00000000ec47ba78,0x00000000ec480000)
  to   space 14336K, 0% used [0x00000000ea880000,0x00000000ea880000,0x00000000eb680000)
 ParOldGen       total 79360K, used 21140K [0x00000000a0000000, 0x00000000a4d80000, 0x00000000e0000000)
  object space 79360K, 26% used [0x00000000a0000000,0x00000000a14a51f8,0x00000000a4d80000)
 Metaspace       used 45732K, capacity 46904K, committed 47232K, reserved 1089536K
  class space    used 6158K, capacity 6451K, committed 6528K, reserved 1048576K
}
Event: 19.708 GC heap before
{Heap before GC invocations=13 (full 2):
 PSYoungGen      total 171008K, used 145823K [0x00000000e0000000, 0x00000000ec480000, 0x0000000100000000)
  eden space 159232K, 84% used [0x00000000e0000000,0x00000000e82ec500,0x00000000e9b80000)
  from space 11776K, 99% used [0x00000000eb900000,0x00000000ec47ba78,0x00000000ec480000)
  to   space 14336K, 0% used [0x00000000ea880000,0x00000000ea880000,0x00000000eb680000)
 ParOldGen       total 79360K, used 21140K [0x00000000a0000000, 0x00000000a4d80000, 0x00000000e0000000)
  object space 79360K, 26% used [0x00000000a0000000,0x00000000a14a51f8,0x00000000a4d80000)
 Metaspace       used 57341K, capacity 58898K, committed 59096K, reserved 1099776K
  class space    used 7803K, capacity 8180K, committed 8192K, reserved 1048576K
Event: 19.739 GC heap after
Heap after GC invocations=13 (full 2):
 PSYoungGen      total 186880K, used 14305K [0x00000000e0000000, 0x00000000ef080000, 0x0000000100000000)
  eden space 172544K, 0% used [0x00000000e0000000,0x00000000e0000000,0x00000000ea880000)
  from space 14336K, 99% used [0x00000000ea880000,0x00000000eb6787e8,0x00000000eb680000)
  to   space 18944K, 0% used [0x00000000ede00000,0x00000000ede00000,0x00000000ef080000)
 ParOldGen       total 79360K, used 29209K [0x00000000a0000000, 0x00000000a4d80000, 0x00000000e0000000)
  object space 79360K, 36% used [0x00000000a0000000,0x00000000a1c86738,0x00000000a4d80000)
 Metaspace       used 57341K, capacity 58898K, committed 59096K, reserved 1099776K
  class space    used 7803K, capacity 8180K, committed 8192K, reserved 1048576K
}
Event: 19.739 GC heap before
{Heap before GC invocations=14 (full 3):
 PSYoungGen      total 186880K, used 14305K [0x00000000e0000000, 0x00000000ef080000, 0x0000000100000000)
  eden space 172544K, 0% used [0x00000000e0000000,0x00000000e0000000,0x00000000ea880000)
  from space 14336K, 99% used [0x00000000ea880000,0x00000000eb6787e8,0x00000000eb680000)
  to   space 18944K, 0% used [0x00000000ede00000,0x00000000ede00000,0x00000000ef080000)
 ParOldGen       total 79360K, used 29209K [0x00000000a0000000, 0x00000000a4d80000, 0x00000000e0000000)
  object space 79360K, 36% used [0x00000000a0000000,0x00000000a1c86738,0x00000000a4d80000)
 Metaspace       used 57341K, capacity 58898K, committed 59096K, reserved 1099776K
  class space    used 7803K, capacity 8180K, committed 8192K, reserved 1048576K
Event: 19.961 GC heap after
Heap after GC invocations=14 (full 3):
 PSYoungGen      total 186880K, used 0K [0x00000000e0000000, 0x00000000ef080000, 0x0000000100000000)
  eden space 172544K, 0% used [0x00000000e0000000,0x00000000e0000000,0x00000000ea880000)
  from space 14336K, 0% used [0x00000000ea880000,0x00000000ea880000,0x00000000eb680000)
  to   space 18944K, 0% used [0x00000000ede00000,0x00000000ede00000,0x00000000ef080000)
 ParOldGen       total 124928K, used 36869K [0x00000000a0000000, 0x00000000a7a00000, 0x00000000e0000000)
  object space 124928K, 29% used [0x00000000a0000000,0x00000000a24015e0,0x00000000a7a00000)
 Metaspace       used 57341K, capacity 58898K, committed 59096K, reserved 1099776K
  class space    used 7803K, capacity 8180K, committed 8192K, reserved 1048576K
}
Event: 31.423 GC heap before
{Heap before GC invocations=15 (full 3):
 PSYoungGen      total 186880K, used 172318K [0x00000000e0000000, 0x00000000ef080000, 0x0000000100000000)
  eden space 172544K, 99% used [0x00000000e0000000,0x00000000ea847900,0x00000000ea880000)
  from space 14336K, 0% used [0x00000000ea880000,0x00000000ea880000,0x00000000eb680000)
  to   space 18944K, 0% used [0x00000000ede00000,0x00000000ede00000,0x00000000ef080000)
 ParOldGen       total 124928K, used 36869K [0x00000000a0000000, 0x00000000a7a00000, 0x00000000e0000000)
  object space 124928K, 29% used [0x00000000a0000000,0x00000000a24015e0,0x00000000a7a00000)
 Metaspace       used 63692K, capacity 65628K, committed 65880K, reserved 1105920K
  class space    used 8505K, capacity 8967K, committed 9088K, reserved 1048576K
Event: 31.447 GC heap after
Heap after GC invocations=15 (full 3):
 PSYoungGen      total 222208K, used 18929K [0x00000000e0000000, 0x00000000ef180000, 0x0000000100000000)
  eden space 203264K, 0% used [0x00000000e0000000,0x00000000e0000000,0x00000000ec680000)
  from space 18944K, 99% used [0x00000000ede00000,0x00000000ef07c658,0x00000000ef080000)
  to   space 22016K, 0% used [0x00000000ec680000,0x00000000ec680000,0x00000000edc00000)
 ParOldGen       total 124928K, used 38592K [0x00000000a0000000, 0x00000000a7a00000, 0x00000000e0000000)
  object space 124928K, 30% used [0x00000000a0000000,0x00000000a25b01d0,0x00000000a7a00000)
 Metaspace       used 63692K, capacity 65628K, committed 65880K, reserved 1105920K
  class space    used 8505K, capacity 8967K, committed 9088K, reserved 1048576K
}

Deoptimization events (10 events):
Event: 34.975 Thread 0x000000001dc36000 Uncommon trap: reason=class_check action=maybe_recompile pc=0x0000000006025108 method=com.android.tools.r8.ir.analysis.g.e.b(Lcom/android/tools/r8/ir/code/Instruction;)V @ 139
Event: 34.975 Thread 0x000000001dc36000 Uncommon trap: reason=class_check action=maybe_recompile pc=0x0000000006025108 method=com.android.tools.r8.ir.analysis.g.e.b(Lcom/android/tools/r8/ir/code/Instruction;)V @ 139
Event: 34.975 Thread 0x000000001dc36000 Uncommon trap: reason=unstable_if action=reinterpret pc=0x0000000005e8f3b8 method=com.android.tools.r8.ir.code.Phi.a(Lcom/android/tools/r8/ir/conversion/IRBuilder;)V @ 111
Event: 34.986 Thread 0x000000001dc36000 Uncommon trap: reason=class_check action=maybe_recompile pc=0x0000000006025108 method=com.android.tools.r8.ir.analysis.g.e.b(Lcom/android/tools/r8/ir/code/Instruction;)V @ 139
Event: 34.986 Thread 0x000000001dc36000 Uncommon trap: reason=class_check action=maybe_recompile pc=0x0000000006025108 method=com.android.tools.r8.ir.analysis.g.e.b(Lcom/android/tools/r8/ir/code/Instruction;)V @ 139
Event: 35.285 Thread 0x000000001dc36000 Uncommon trap: reason=unloaded action=reinterpret pc=0x0000000006194d58 method=com.android.tools.r8.ir.conversion.N.a(Lcom/android/tools/r8/t/a/a/G/a;Lcom/android/tools/r8/ir/conversion/IRBuilder;)V @ 5125
Event: 35.508 Thread 0x000000001dc36000 Uncommon trap: reason=unstable_if action=reinterpret pc=0x0000000006160634 method=com.android.tools.r8.ir.code.Instruction.identicalAfterRegisterAllocation(Lcom/android/tools/r8/ir/code/Instruction;Lcom/android/tools/r8/ir/regalloc/RegisterAllocator;)Z @ 
Event: 35.561 Thread 0x000000001dc36000 Uncommon trap: reason=class_check action=maybe_recompile pc=0x000000000608836c method=com.android.tools.r8.ir.conversion.X.a(I[Lcom/android/tools/r8/ir/conversion/P;Lcom/android/tools/r8/m/a/a/b/d0;)Z @ 525
Event: 35.640 Thread 0x000000001dc36000 Uncommon trap: reason=unstable_if action=reinterpret pc=0x00000000061044c8 method=com.android.tools.r8.ir.conversion.N.b(Lcom/android/tools/r8/t/a/a/G/a;)Z @ 21
Event: 35.648 Thread 0x000000001dc36000 Uncommon trap: reason=unstable_if action=reinterpret pc=0x000000000618f05c method=com.android.tools.r8.ir.regalloc.LiveIntervals.getSplitCovering(I)Lcom/android/tools/r8/ir/regalloc/LiveIntervals; @ 132

Classes redefined (0 events):
No events

Internal exceptions (10 events):
Event: 31.495 Thread 0x000000001dc2f800 Exception <a 'java/lang/NoSuchMethodError': <clinit>> (0x00000000e0445490) thrown at [D:\src\AOSP-openjdk-cygwin\jdk8u\hotspot\src\share\vm\prims\jni.cpp, line 1614]
Event: 31.495 Thread 0x000000001dc2f800 Exception <a 'java/lang/NoSuchMethodError': <clinit>> (0x00000000e044a378) thrown at [D:\src\AOSP-openjdk-cygwin\jdk8u\hotspot\src\share\vm\prims\jni.cpp, line 1614]
Event: 31.496 Thread 0x000000001dc2f800 Exception <a 'java/lang/NoSuchMethodError': <clinit>> (0x00000000e097e328) thrown at [D:\src\AOSP-openjdk-cygwin\jdk8u\hotspot\src\share\vm\prims\jni.cpp, line 1614]
Event: 31.674 Thread 0x000000001dc36000 Implicit null exception at 0x00000000053e49a1 to 0x00000000053e4c65
Event: 31.684 Thread 0x000000001dc36000 Exception <a 'java/lang/NoSuchMethodError': <clinit>> (0x00000000e1f7f808) thrown at [D:\src\AOSP-openjdk-cygwin\jdk8u\hotspot\src\share\vm\prims\jni.cpp, line 1614]
Event: 32.743 Thread 0x000000001dc36000 Exception <a 'java/lang/NoSuchMethodError': java.lang.Object.lambda$static$0(Ljava/lang/String;)Z> (0x00000000e3535200) thrown at [D:\src\AOSP-openjdk-cygwin\jdk8u\hotspot\src\share\vm\interpreter\linkResolver.cpp, line 620]
Event: 32.745 Thread 0x000000001dc36000 Exception <a 'java/lang/NoSuchMethodError': java.lang.Object.lambda$and$0(Ljava/util/function/Predicate;Ljava/lang/Object;)Z> (0x00000000e353b620) thrown at [D:\src\AOSP-openjdk-cygwin\jdk8u\hotspot\src\share\vm\interpreter\linkResolver.cpp, line 620]
Event: 33.057 Thread 0x000000001dc36000 Exception <a 'sun/nio/fs/WindowsException'> (0x00000000e415ce88) thrown at [D:\src\AOSP-openjdk-cygwin\jdk8u\hotspot\src\share\vm\prims\jni.cpp, line 710]
Event: 33.103 Thread 0x000000001dc36000 Exception <a 'java/lang/NoSuchMethodError': java.lang.Object.lambda$identity$2(Ljava/lang/Object;)Ljava/lang/Object;> (0x00000000e43e16c0) thrown at [D:\src\AOSP-openjdk-cygwin\jdk8u\hotspot\src\share\vm\interpreter\linkResolver.cpp, line 620]
Event: 33.441 Thread 0x000000001dc36000 Exception <a 'java/lang/NoSuchMethodError': java.lang.Object.lambda$maxBy$1(Ljava/util/Comparator;Ljava/lang/Object;Ljava/lang/Object;)Ljava/lang/Object;> (0x00000000e60d4fd8) thrown at [D:\src\AOSP-openjdk-cygwin\jdk8u\hotspot\src\share\vm\interpreter\li

Events (10 events):
Event: 35.589 Executing VM operation: ForceSafepoint
Event: 35.589 Executing VM operation: ForceSafepoint done
Event: 35.640 Thread 0x000000001dc36000 Uncommon trap: trap_request=0xffffff65 fr.pc=0x00000000061044c8
Event: 35.640 Thread 0x000000001dc36000 DEOPT PACKING pc=0x00000000061044c8 sp=0x0000000024bf9590
Event: 35.640 Thread 0x000000001dc36000 DEOPT UNPACKING pc=0x00000000044e557b sp=0x0000000024bf9570 mode 2
Event: 35.648 Thread 0x000000001dc36000 Uncommon trap: trap_request=0xffffff65 fr.pc=0x000000000618f05c
Event: 35.648 Thread 0x000000001dc36000 DEOPT PACKING pc=0x000000000618f05c sp=0x0000000024bf8d90
Event: 35.648 Thread 0x000000001dc36000 DEOPT UNPACKING pc=0x00000000044e557b sp=0x0000000024bf8d38 mode 2
Event: 35.691 Thread 0x0000000022ca9800 Thread added: 0x0000000022ca9800
Event: 35.691 Thread 0x0000000022cb1000 Thread added: 0x0000000022cb1000


Dynamic libraries:
0x00007ff63b370000 - 0x00007ff63b3a1000 	D:\androidstudio\jre\bin\java.exe
0x00007ff8150e0000 - 0x00007ff8152cd000 	C:\Windows\SYSTEM32\ntdll.dll
0x00007ff814810000 - 0x00007ff8148c3000 	C:\Windows\System32\KERNEL32.DLL
0x00007ff811440000 - 0x00007ff8116d5000 	C:\Windows\System32\KERNELBASE.dll
0x00007ff806d80000 - 0x00007ff807217000 	C:\Windows\System32\TSafeDoc64.dll
0x00007ff812750000 - 0x00007ff8127bd000 	C:\Windows\System32\WS2_32.dll
0x00007ff812820000 - 0x00007ff812942000 	C:\Windows\System32\RPCRT4.dll
0x00007ff814ad0000 - 0x00007ff814c67000 	C:\Windows\System32\USER32.dll
0x00007ff8122c0000 - 0x00007ff8122e0000 	C:\Windows\System32\win32u.dll
0x00007ff8146a0000 - 0x00007ff8146c9000 	C:\Windows\System32\GDI32.dll
0x00007ff812120000 - 0x00007ff8122ba000 	C:\Windows\System32\gdi32full.dll
0x00007ff8111a0000 - 0x00007ff811240000 	C:\Windows\System32\msvcp_win.dll
0x00007ff811240000 - 0x00007ff81133a000 	C:\Windows\System32\ucrtbase.dll
0x00007fffffef0000 - 0x00007ffffffee000 	C:\Windows\SYSTEM32\winhafnt64.dll
0x00007ff8123a0000 - 0x00007ff812443000 	C:\Windows\System32\ADVAPI32.dll
0x00007ff812300000 - 0x00007ff81239e000 	C:\Windows\System32\msvcrt.dll
0x00007ff814940000 - 0x00007ff8149de000 	C:\Windows\System32\sechost.dll
0x00007ff805a00000 - 0x00007ff805a89000 	C:\Windows\SYSTEM32\WINSPOOL.DRV
0x00007ff8131a0000 - 0x00007ff814698000 	C:\Windows\System32\SHELL32.dll
0x00007ff814d20000 - 0x00007ff81504c000 	C:\Windows\System32\combase.dll
0x00007ff8113f0000 - 0x00007ff81143a000 	C:\Windows\System32\cfgmgr32.dll
0x00007ff812f40000 - 0x00007ff812fe8000 	C:\Windows\System32\shcore.dll
0x00007ff8119a0000 - 0x00007ff8120ef000 	C:\Windows\System32\windows.storage.dll
0x00007ff811150000 - 0x00007ff811174000 	C:\Windows\System32\profapi.dll
0x00007ff8110f0000 - 0x00007ff81114d000 	C:\Windows\System32\powrprof.dll
0x00007ff806d40000 - 0x00007ff806d4a000 	C:\Windows\SYSTEM32\VERSION.dll
0x00007ff811920000 - 0x00007ff81199e000 	C:\Windows\System32\bcryptPrimitives.dll
0x00007ff8127c0000 - 0x00007ff812812000 	C:\Windows\System32\shlwapi.dll
0x00007ff8110d0000 - 0x00007ff8110e1000 	C:\Windows\System32\kernel.appcore.dll
0x00007ff8120f0000 - 0x00007ff812116000 	C:\Windows\System32\bcrypt.dll
0x00007ff80b6f0000 - 0x00007ff80b899000 	C:\Windows\SYSTEM32\PROPSYS.dll
0x00007ff8122e0000 - 0x00007ff8122f7000 	C:\Windows\System32\cryptsp.dll
0x00007ff814a00000 - 0x00007ff814ac4000 	C:\Windows\System32\OLEAUT32.dll
0x00007ff812500000 - 0x00007ff812655000 	C:\Windows\System32\ole32.dll
0x00007ff8105f0000 - 0x00007ff81062d000 	C:\Windows\SYSTEM32\IPHLPAPI.DLL
0x00007ff805990000 - 0x00007ff8059ab000 	C:\Windows\SYSTEM32\MPR.dll
0x00007ff80c010000 - 0x00007ff80c289000 	C:\Windows\WinSxS\amd64_microsoft.windows.common-controls_6595b64144ccf1df_6.0.17763.1282_none_de75b6f253473c0f\COMCTL32.dll
0x00007ff812450000 - 0x00007ff81247e000 	C:\Windows\System32\IMM32.DLL
0x00007fffff440000 - 0x00007fffff8b3000 	C:\Windows\SYSTEM32\winhadnt64.dll
0x00007ff810640000 - 0x00007ff810707000 	C:\Windows\SYSTEM32\Dnsapi.dll
0x00007ff814930000 - 0x00007ff814938000 	C:\Windows\System32\NSI.dll
0x00007ff804580000 - 0x00007ff80478e000 	C:\Windows\SYSTEM32\DtFrame64.dll
0x00007fffff2e0000 - 0x00007fffff440000 	C:\Windows\SYSTEM32\winbrohca64.dll
0x00007fffffb40000 - 0x00007fffffbac000 	C:\Windows\SYSTEM32\OLEACC.dll
0x00007fffff2a0000 - 0x00007fffff2d1000 	C:\Windows\SYSTEM32\TIjtdrvd64.dll
0x00007ff800c40000 - 0x00007ff800d5d000 	C:\Windows\SYSTEM32\DtsFrame64.dll
0x00007ff8108d0000 - 0x00007ff810937000 	C:\Windows\SYSTEM32\mswsock.dll
0x00007ff80dd70000 - 0x00007ff80dd7c000 	C:\Windows\SYSTEM32\WinUsb.dll
0x00007ff8126e0000 - 0x00007ff8126e8000 	C:\Windows\System32\psapi.dll
0x00007fffff1b0000 - 0x00007fffff2a0000 	C:\Windows\SYSTEM32\TMailHook64.dll
0x00007ff8149e0000 - 0x00007ff8149fd000 	C:\Windows\System32\Imagehlp.dll
0x00007ff800c10000 - 0x00007ff800c3a000 	C:\Windows\SYSTEM32\mapi32.dll
0x00007ff801430000 - 0x00007ff801447000 	C:\Windows\SYSTEM32\NetApi32.dll
0x00007ff801b80000 - 0x00007ff801ba6000 	C:\Windows\SYSTEM32\SRVCLI.DLL
0x00007ff800000000 - 0x00007ff80001d000 	C:\Windows\SYSTEM32\hlink.dll
0x000000005e020000 - 0x000000005e0f2000 	D:\androidstudio\jre\jre\bin\msvcr100.dll
0x000000005e100000 - 0x000000005e946000 	D:\androidstudio\jre\jre\bin\server\jvm.dll
0x00007ff8096d0000 - 0x00007ff8096d9000 	C:\Windows\SYSTEM32\WSOCK32.dll
0x00007ff8096a0000 - 0x00007ff8096c4000 	C:\Windows\SYSTEM32\WINMM.dll
0x00007ff809670000 - 0x00007ff80969d000 	C:\Windows\SYSTEM32\WINMMBASE.dll
0x00007ff809290000 - 0x00007ff80929f000 	D:\androidstudio\jre\jre\bin\verify.dll
0x00007ffffdb80000 - 0x00007ffffdba9000 	D:\androidstudio\jre\jre\bin\java.dll
0x00007ff803000000 - 0x00007ff803016000 	D:\androidstudio\jre\jre\bin\zip.dll
0x00007ff800da0000 - 0x00007ff800dba000 	D:\androidstudio\jre\jre\bin\net.dll
0x00007ff80b950000 - 0x00007ff80bb27000 	C:\Windows\SYSTEM32\urlmon.dll
0x00007ff809b80000 - 0x00007ff809e28000 	C:\Windows\SYSTEM32\iertutil.dll
0x00007ff810aa0000 - 0x00007ff810aac000 	C:\Windows\SYSTEM32\CRYPTBASE.DLL
0x00007ffffe250000 - 0x00007ffffe263000 	D:\androidstudio\jre\jre\bin\nio.dll
0x00007fffebd60000 - 0x00007fffebd86000 	C:\Users\xiaosq\.gradle\native\29\windows-amd64\native-platform.dll
0x00007ff809280000 - 0x00007ff80928d000 	D:\androidstudio\jre\jre\bin\management.dll
0x00007ff810450000 - 0x00007ff810483000 	C:\Windows\system32\rsaenh.dll
0x00007ff811000000 - 0x00007ff811028000 	C:\Windows\SYSTEM32\USERENV.dll
0x00007ff80d5f0000 - 0x00007ff80d606000 	C:\Windows\SYSTEM32\dhcpcsvc6.DLL
0x00007ff80d5d0000 - 0x00007ff80d5ec000 	C:\Windows\SYSTEM32\dhcpcsvc.DLL
0x00007ffffc330000 - 0x00007ffffc50f000 	C:\Windows\SYSTEM32\winncap364.dll
0x00007fffea600000 - 0x00007fffea79c000 	D:\androidstudio\jre\jre\bin\awt.dll
0x00007ff80fab0000 - 0x00007ff80fade000 	C:\Windows\SYSTEM32\dwmapi.dll
0x00007ff811740000 - 0x00007ff81191c000 	C:\Windows\System32\CRYPT32.dll
0x00007ff811180000 - 0x00007ff811192000 	C:\Windows\System32\MSASN1.dll
0x00007ff80e670000 - 0x00007ff80ec2e000 	C:\Windows\SYSTEM32\d2d1.dll
0x00007ff80f3d0000 - 0x00007ff80f45c000 	C:\Windows\SYSTEM32\apphelp.dll
0x00007ff80f690000 - 0x00007ff80f72c000 	C:\Windows\system32\uxtheme.dll

VM Arguments:
jvm_args: -Xmx1536m -Dfile.encoding=GBK -Duser.country=CN -Duser.language=zh -Duser.variant 
java_command: org.gradle.launcher.daemon.bootstrap.GradleDaemon 5.4.1
java_class_path (initial): C:\Users\xiaosq\.gradle\wrapper\dists\gradle-5.4.1-all\3221gyojl5jsh0helicew7rwx\gradle-5.4.1\lib\gradle-launcher-5.4.1.jar
Launcher Type: SUN_STANDARD

Environment Variables:
JAVA_HOME=D:\jdk
CLASSPATH=.;D:\jdk\lib;D:\jdk\lib\tools.jar
PATH=C:\Program Files (x86)\Common Files\Oracle\Java\javapath;C:\Windows\system32;C:\Windows;C:\Windows\System32\Wbem;C:\Windows\System32\WindowsPowerShell\v1.0\;C:\Windows\System32\OpenSSH\;D:\git\Git\cmd;"D:\jdk\bin;D:\jdk\jre\bin";C:\Users\xiaosq\AppData\Local\Microsoft\WindowsApps;
USERNAME=xiaosq
OS=Windows_NT
PROCESSOR_IDENTIFIER=Intel64 Family 6 Model 60 Stepping 3, GenuineIntel



---------------  S Y S T E M  ---------------

OS: Windows 10.0 , 64 bit Build 17763 (10.0.17763.1158)

CPU:total 4 (initial active 4) (4 cores per cpu, 1 threads per core) family 6 model 60 stepping 3, cmov, cx8, fxsr, mmx, sse, sse2, sse3, ssse3, sse4.1, sse4.2, popcnt, avx, avx2, aes, clmul, erms, lzcnt, tsc, tscinvbit, bmi1, bmi2

Memory: 4k page, physical 8286152k(490956k free), swap 21393476k(7168k free)

vm_info: OpenJDK 64-Bit Server VM (25.212-b04) for windows-amd64 JRE (1.8.0_212-release-1586-b04), built by "builder" with MS VC++ 10.0 (VS2010)

time: Thu Jun 11 15:49:04 2020
timezone: 中国标准时间
elapsed time: 35 seconds (0d 0h 0m 35s)

