#
# There is insufficient memory for the Java Runtime Environment to continue.
# Native memory allocation (malloc) failed to allocate 1110736 bytes for Chunk::new
# Possible reasons:
#   The system is out of physical RAM or swap space
#   The process is running with CompressedOops enabled, and the Java Heap may be blocking the growth of the native heap
# Possible solutions:
#   Reduce memory load on the system
#   Increase physical memory or swap space
#   Check if swap backing store is full
#   Decrease Java heap size (-Xmx/-Xms)
#   Decrease number of Java threads
#   Decrease Java thread stack sizes (-Xss)
#   Set larger code cache with -XX:ReservedCodeCacheSize=
#   JVM is running with Unscaled Compressed Oops mode in which the Java heap is
#     placed in the first 4GB address space. The Java Heap base address is the
#     maximum limit for the native heap growth. Please use -XX:HeapBaseMinAddress
#     to set the Java Heap base and to place the Java Heap above 4GB virtual address.
# This output file may be truncated or incomplete.
#
#  Out of Memory Error (allocation.cpp:389), pid=18328, tid=0x0000000000003848
#
# JRE version: OpenJDK Runtime Environment (8.0_212-b04) (build 1.8.0_212-release-1586-b04)
# Java VM: OpenJDK 64-Bit Server VM (25.212-b04 mixed mode windows-amd64 compressed oops)
# Failed to write core dump. Minidumps are not enabled by default on client versions of Windows
#

---------------  T H R E A D  ---------------

Current thread (0x000000001782d000):  JavaThread "C2 CompilerThread0" daemon [_thread_in_native, id=14408, stack(0x0000000019170000,0x0000000019270000)]

Stack: [0x0000000019170000,0x0000000019270000]
[error occurred during error reporting (printing stack bounds), id 0xc0000005]

Native frames: (J=compiled Java code, j=interpreted, Vv=VM code, C=native code)


Current CompileTask:
C2:  20697 7671       4       com.android.utils.XmlUtils::append (639 bytes)


---------------  P R O C E S S  ---------------

Java Threads: ( => current thread )
  0x000000001c80e000 JavaThread "pool-2-thread-1" [_thread_new, id=18004, stack(0x0000000000000000,0x0000000000000000)]
  0x000000001c809800 JavaThread "MarlinRenderer Disposer" daemon [_thread_blocked, id=7800, stack(0x0000000025830000,0x0000000025930000)]
  0x000000001c808800 JavaThread "Java2D Disposer" daemon [_thread_blocked, id=17896, stack(0x0000000025690000,0x0000000025790000)]
  0x000000001c80d000 JavaThread "WorkerExecutor Queue Thread 4" [_thread_blocked, id=18284, stack(0x0000000025090000,0x0000000025190000)]
  0x00000000207e2800 JavaThread "WorkerExecutor Queue Thread 3" [_thread_in_vm, id=1832, stack(0x0000000024f90000,0x0000000025090000)]
  0x00000000207e8800 JavaThread "WorkerExecutor Queue Thread 2" [_thread_blocked, id=19028, stack(0x0000000024e90000,0x0000000024f90000)]
  0x00000000207e1000 JavaThread "WorkerExecutor Queue" [_thread_in_native, id=18760, stack(0x0000000024d90000,0x0000000024e90000)]
  0x00000000207e6000 JavaThread "Cache worker for execution history cache (E:\WhiteBoardDraw\.gradle\5.4.1\executionHistory)" [_thread_blocked, id=18348, stack(0x0000000024890000,0x0000000024990000)]
  0x00000000207e1800 JavaThread "Execution worker for ':' Thread 3" [_thread_blocked, id=17312, stack(0x0000000024790000,0x0000000024890000)]
  0x00000000207e7800 JavaThread "Execution worker for ':' Thread 2" [_thread_blocked, id=13044, stack(0x0000000024690000,0x0000000024790000)]
  0x00000000207e4000 JavaThread "Execution worker for ':'" [_thread_in_native, id=13076, stack(0x0000000024590000,0x0000000024690000)]
  0x00000000207e4800 JavaThread "Cache worker for file content cache (E:\WhiteBoardDraw\.gradle\5.4.1\fileContent)" [_thread_blocked, id=18600, stack(0x0000000024090000,0x0000000024190000)]
  0x00000000207e3000 JavaThread "Cache worker for file content cache (C:\Users\xiaosq\.gradle\caches\5.4.1\fileContent)" [_thread_blocked, id=3820, stack(0x0000000023f90000,0x0000000024090000)]
  0x00000000207d9800 JavaThread "Memory manager" [_thread_blocked, id=17708, stack(0x0000000023bc0000,0x0000000023cc0000)]
  0x00000000207dd000 JavaThread "Cache worker for Build Output Cleanup Cache (E:\WhiteBoardDraw\.gradle\buildOutputCleanup)" [_thread_blocked, id=8360, stack(0x00000000222f0000,0x00000000223f0000)]
  0x00000000207db800 JavaThread "Build operations Thread 4" [_thread_blocked, id=18136, stack(0x0000000021bf0000,0x0000000021cf0000)]
  0x00000000207de000 JavaThread "Build operations Thread 3" [_thread_blocked, id=19100, stack(0x0000000021af0000,0x0000000021bf0000)]
  0x00000000207df800 JavaThread "Build operations Thread 2" [_thread_blocked, id=17072, stack(0x00000000219f0000,0x0000000021af0000)]
  0x00000000207de800 JavaThread "Build operations" [_thread_blocked, id=15660, stack(0x00000000218f0000,0x00000000219f0000)]
  0x00000000207db000 JavaThread "Cache worker for execution history cache (C:\Users\xiaosq\.gradle\caches\5.4.1\executionHistory)" [_thread_blocked, id=8672, stack(0x00000000215f0000,0x00000000216f0000)]
  0x00000000207da000 JavaThread "Cache worker for cache directory md-rule (C:\Users\xiaosq\.gradle\caches\5.4.1\md-rule)" [_thread_blocked, id=18536, stack(0x00000000214f0000,0x00000000215f0000)]
  0x000000001a2da800 JavaThread "Cache worker for cache directory md-supplier (C:\Users\xiaosq\.gradle\caches\5.4.1\md-supplier)" [_thread_blocked, id=18996, stack(0x000000001f700000,0x000000001f800000)]
  0x000000001a2d9000 JavaThread "Cache worker for file hash cache (E:\WhiteBoardDraw\.gradle\5.4.1\fileHashes)" [_thread_blocked, id=600, stack(0x000000001e630000,0x000000001e730000)]
  0x000000001a2d6800 JavaThread "Cache worker for journal cache (C:\Users\xiaosq\.gradle\caches\journal-1)" [_thread_blocked, id=2720, stack(0x000000001c0f0000,0x000000001c1f0000)]
  0x000000001a2db000 JavaThread "File lock request listener" [_thread_in_native, id=11820, stack(0x000000001bff0000,0x000000001c0f0000)]
  0x000000001a2d9800 JavaThread "Cache worker for file hash cache (C:\Users\xiaosq\.gradle\caches\5.4.1\fileHashes)" [_thread_blocked, id=19056, stack(0x000000001bef0000,0x000000001bff0000)]
  0x0000000019ae3800 JavaThread "Thread-9" [_thread_blocked, id=11372, stack(0x000000001bbf0000,0x000000001bcf0000)]
  0x0000000019ae2800 JavaThread "Stdin handler" [_thread_blocked, id=6576, stack(0x000000001baf0000,0x000000001bbf0000)]
  0x000000001a8c9000 JavaThread "Asynchronous log dispatcher for DefaultDaemonConnection: socket connection from /127.0.0.1:52762 to /127.0.0.1:52763" [_thread_blocked, id=18676, stack(0x000000001b9f0000,0x000000001baf0000)]
  0x0000000019834000 JavaThread "Daemon worker" [_thread_blocked, id=8384, stack(0x000000001b8f0000,0x000000001b9f0000)]
  0x000000001aa74000 JavaThread "Cancel handler" [_thread_blocked, id=18640, stack(0x000000001b7f0000,0x000000001b8f0000)]
  0x0000000018ef4000 JavaThread "Handler for socket connection from /127.0.0.1:52762 to /127.0.0.1:52763" [_thread_in_native, id=2500, stack(0x000000001b4f0000,0x000000001b5f0000)]
  0x000000001a971800 JavaThread "Daemon" [_thread_blocked, id=18872, stack(0x000000001b3f0000,0x000000001b4f0000)]
  0x0000000018ecb000 JavaThread "Daemon periodic checks" [_thread_blocked, id=19436, stack(0x000000001b2f0000,0x000000001b3f0000)]
  0x0000000018ec9000 JavaThread "Incoming local TCP Connector on port 52762" [_thread_in_native, id=18752, stack(0x000000001b140000,0x000000001b240000)]
  0x000000001a5b3000 JavaThread "Daemon health stats" [_thread_blocked, id=11980, stack(0x000000001ae40000,0x000000001af40000)]
  0x0000000018bd0800 JavaThread "Service Thread" daemon [_thread_blocked, id=14576, stack(0x0000000019470000,0x0000000019570000)]
  0x0000000018bca000 JavaThread "C1 CompilerThread2" daemon [_thread_blocked, id=10208, stack(0x0000000019370000,0x0000000019470000)]
  0x0000000018bbf000 JavaThread "C2 CompilerThread1" daemon [_thread_in_native, id=884, stack(0x0000000019270000,0x0000000019370000)]
=>0x000000001782d000 JavaThread "C2 CompilerThread0" daemon [_thread_in_native, id=14408, stack(0x0000000019170000,0x0000000019270000)]
  0x000000001782c000 JavaThread "Attach Listener" daemon [_thread_blocked, id=17860, stack(0x0000000019070000,0x0000000019170000)]
  0x0000000018b78800 JavaThread "Signal Dispatcher" daemon [_thread_blocked, id=18692, stack(0x0000000018f70000,0x0000000019070000)]
  0x0000000003ea9800 JavaThread "Finalizer" daemon [_thread_blocked, id=1440, stack(0x0000000018a70000,0x0000000018b70000)]
  0x0000000003ea1000 JavaThread "Reference Handler" daemon [_thread_blocked, id=18964, stack(0x0000000018970000,0x0000000018a70000)]
  0x0000000003db2800 JavaThread "main" [_thread_blocked, id=15936, stack(0x0000000003cb0000,0x0000000003db0000)]

Other Threads:
  0x00000000177e6000 VMThread [stack: 0x0000000018870000,0x0000000018970000] [id=11876]
  0x0000000018bd1800 WatcherThread [stack: 0x0000000019570000,0x0000000019670000] [id=17164]

VM state:synchronizing (normal execution)

VM Mutex/Monitor currently owned by a thread:  ([mutex/lock_event])
[0x0000000003bfca40] Safepoint_lock - owner thread: 0x00000000177e6000
[0x0000000003bfc4c0] Threads_lock - owner thread: 0x00000000177e6000

heap address: 0x00000000a0000000, size: 1536 MB, Compressed Oops mode: 32-bit
Narrow klass base: 0x0000000000000000, Narrow klass shift: 3
Compressed class space size: 1073741824 Address: 0x0000000100000000

Heap:
 PSYoungGen      total 209920K, used 48340K [0x00000000e0000000, 0x00000000eea80000, 0x0000000100000000)
  eden space 191488K, 15% used [0x00000000e0000000,0x00000000e1d69220,0x00000000ebb00000)
  from space 18432K, 98% used [0x00000000ed880000,0x00000000eea4c0c0,0x00000000eea80000)
  to   space 20992K, 0% used [0x00000000ec180000,0x00000000ec180000,0x00000000ed600000)
 ParOldGen       total 129024K, used 37048K [0x00000000a0000000, 0x00000000a7e00000, 0x00000000e0000000)
  object space 129024K, 28% used [0x00000000a0000000,0x00000000a242e000,0x00000000a7e00000)
 Metaspace       used 63888K, capacity 65848K, committed 66136K, reserved 1105920K
  class space    used 8528K, capacity 8981K, committed 9088K, reserved 1048576K

Card table byte_map: [0x0000000013270000,0x0000000013580000] byte_map_base: 0x0000000012d70000

Marking Bits: (ParMarkBitMap*) 0x000000005e8c9f30
 Begin Bits: [0x0000000013b80000, 0x0000000015380000)
 End Bits:   [0x0000000015380000, 0x0000000016b80000)

Polling page: 0x0000000003b30000

CodeCache: size=245760Kb used=22524Kb max_used=22525Kb free=223235Kb
 bounds [0x0000000003eb0000, 0x00000000054d0000, 0x0000000012eb0000]
 total_blobs=7757 nmethods=6839 adapters=829
 compilation: enabled

Compilation events (10 events):
Event: 20.689 Thread 0x0000000018bca000 7719       3       java.io.WinNTFileSystem::isAbsolute (36 bytes)
Event: 20.689 Thread 0x0000000018bca000 nmethod 7719 0x000000000402b310 code [0x000000000402b4a0, 0x000000000402b948]
Event: 20.690 Thread 0x0000000018bca000 7720       3       org.gradle.api.internal.file.AbstractFileResolver::convertObjectToFile (55 bytes)
Event: 20.691 Thread 0x0000000018bca000 nmethod 7720 0x00000000054c5ed0 code [0x00000000054c6140, 0x00000000054c7178]
Event: 20.692 Thread 0x0000000018bca000 7721       3       org.gradle.api.internal.file.AbstractBaseDirFileResolver::doResolve (114 bytes)
Event: 20.693 Thread 0x0000000018bca000 nmethod 7721 0x00000000054c7a90 code [0x00000000054c7f00, 0x00000000054ca718]
Event: 20.694 Thread 0x0000000018bca000 7722       3       java.io.Bits::putChar (16 bytes)
Event: 20.694 Thread 0x0000000018bca000 nmethod 7722 0x00000000040528d0 code [0x0000000004052a20, 0x0000000004052b90]
Event: 20.694 Thread 0x0000000018bca000 7723   !   3       sun.reflect.GeneratedMethodAccessor26::invoke (66 bytes)
Event: 20.695 Thread 0x0000000018bca000 nmethod 7723 0x00000000047c0390 code [0x00000000047c05a0, 0x00000000047c1128]

GC Heap History (10 events):
Event: 9.420 GC heap before
{Heap before GC invocations=11 (full 2):
 PSYoungGen      total 128000K, used 10319K [0x00000000e0000000, 0x00000000ebb80000, 0x0000000100000000)
  eden space 117248K, 0% used [0x00000000e0000000,0x00000000e0000000,0x00000000e7280000)
  from space 10752K, 95% used [0x00000000e7280000,0x00000000e7c93cd0,0x00000000e7d00000)
  to   space 11776K, 0% used [0x00000000eb000000,0x00000000eb000000,0x00000000ebb80000)
 ParOldGen       total 56832K, used 11116K [0x00000000a0000000, 0x00000000a3780000, 0x00000000e0000000)
  object space 56832K, 19% used [0x00000000a0000000,0x00000000a0adb1f8,0x00000000a3780000)
 Metaspace       used 34637K, capacity 35376K, committed 35456K, reserved 1079296K
  class space    used 4773K, capacity 4987K, committed 4992K, reserved 1048576K
Event: 9.482 GC heap after
Heap after GC invocations=11 (full 2):
 PSYoungGen      total 128000K, used 0K [0x00000000e0000000, 0x00000000ebb80000, 0x0000000100000000)
  eden space 117248K, 0% used [0x00000000e0000000,0x00000000e0000000,0x00000000e7280000)
  from space 10752K, 0% used [0x00000000e7280000,0x00000000e7280000,0x00000000e7d00000)
  to   space 11776K, 0% used [0x00000000eb000000,0x00000000eb000000,0x00000000ebb80000)
 ParOldGen       total 81920K, used 17443K [0x00000000a0000000, 0x00000000a5000000, 0x00000000e0000000)
  object space 81920K, 21% used [0x00000000a0000000,0x00000000a1108cc8,0x00000000a5000000)
 Metaspace       used 34637K, capacity 35376K, committed 35456K, reserved 1079296K
  class space    used 4773K, capacity 4987K, committed 4992K, reserved 1048576K
}
Event: 10.808 GC heap before
{Heap before GC invocations=12 (full 2):
 PSYoungGen      total 128000K, used 117248K [0x00000000e0000000, 0x00000000ebb80000, 0x0000000100000000)
  eden space 117248K, 100% used [0x00000000e0000000,0x00000000e7280000,0x00000000e7280000)
  from space 10752K, 0% used [0x00000000e7280000,0x00000000e7280000,0x00000000e7d00000)
  to   space 11776K, 0% used [0x00000000eb000000,0x00000000eb000000,0x00000000ebb80000)
 ParOldGen       total 81920K, used 17443K [0x00000000a0000000, 0x00000000a5000000, 0x00000000e0000000)
  object space 81920K, 21% used [0x00000000a0000000,0x00000000a1108cc8,0x00000000a5000000)
 Metaspace       used 45366K, capacity 46512K, committed 46720K, reserved 1089536K
  class space    used 6112K, capacity 6411K, committed 6528K, reserved 1048576K
Event: 10.827 GC heap after
Heap after GC invocations=12 (full 2):
 PSYoungGen      total 165888K, used 11752K [0x00000000e0000000, 0x00000000ebb80000, 0x0000000100000000)
  eden space 154112K, 0% used [0x00000000e0000000,0x00000000e0000000,0x00000000e9680000)
  from space 11776K, 99% used [0x00000000eb000000,0x00000000ebb7a2b8,0x00000000ebb80000)
  to   space 14336K, 0% used [0x00000000e9f80000,0x00000000e9f80000,0x00000000ead80000)
 ParOldGen       total 81920K, used 20821K [0x00000000a0000000, 0x00000000a5000000, 0x00000000e0000000)
  object space 81920K, 25% used [0x00000000a0000000,0x00000000a14555b8,0x00000000a5000000)
 Metaspace       used 45366K, capacity 46512K, committed 46720K, reserved 1089536K
  class space    used 6112K, capacity 6411K, committed 6528K, reserved 1048576K
}
Event: 12.372 GC heap before
{Heap before GC invocations=13 (full 2):
 PSYoungGen      total 165888K, used 147327K [0x00000000e0000000, 0x00000000ebb80000, 0x0000000100000000)
  eden space 154112K, 87% used [0x00000000e0000000,0x00000000e8465a18,0x00000000e9680000)
  from space 11776K, 99% used [0x00000000eb000000,0x00000000ebb7a2b8,0x00000000ebb80000)
  to   space 14336K, 0% used [0x00000000e9f80000,0x00000000e9f80000,0x00000000ead80000)
 ParOldGen       total 81920K, used 20821K [0x00000000a0000000, 0x00000000a5000000, 0x00000000e0000000)
  object space 81920K, 25% used [0x00000000a0000000,0x00000000a14555b8,0x00000000a5000000)
 Metaspace       used 57258K, capacity 58906K, committed 59096K, reserved 1099776K
  class space    used 7794K, capacity 8180K, committed 8192K, reserved 1048576K
Event: 12.394 GC heap after
Heap after GC invocations=13 (full 2):
 PSYoungGen      total 177664K, used 14332K [0x00000000e0000000, 0x00000000eeb00000, 0x0000000100000000)
  eden space 163328K, 0% used [0x00000000e0000000,0x00000000e0000000,0x00000000e9f80000)
  from space 14336K, 99% used [0x00000000e9f80000,0x00000000ead7f170,0x00000000ead80000)
  to   space 18944K, 0% used [0x00000000ed880000,0x00000000ed880000,0x00000000eeb00000)
 ParOldGen       total 81920K, used 29084K [0x00000000a0000000, 0x00000000a5000000, 0x00000000e0000000)
  object space 81920K, 35% used [0x00000000a0000000,0x00000000a1c67200,0x00000000a5000000)
 Metaspace       used 57258K, capacity 58906K, committed 59096K, reserved 1099776K
  class space    used 7794K, capacity 8180K, committed 8192K, reserved 1048576K
}
Event: 12.394 GC heap before
{Heap before GC invocations=14 (full 3):
 PSYoungGen      total 177664K, used 14332K [0x00000000e0000000, 0x00000000eeb00000, 0x0000000100000000)
  eden space 163328K, 0% used [0x00000000e0000000,0x00000000e0000000,0x00000000e9f80000)
  from space 14336K, 99% used [0x00000000e9f80000,0x00000000ead7f170,0x00000000ead80000)
  to   space 18944K, 0% used [0x00000000ed880000,0x00000000ed880000,0x00000000eeb00000)
 ParOldGen       total 81920K, used 29084K [0x00000000a0000000, 0x00000000a5000000, 0x00000000e0000000)
  object space 81920K, 35% used [0x00000000a0000000,0x00000000a1c67200,0x00000000a5000000)
 Metaspace       used 57258K, capacity 58906K, committed 59096K, reserved 1099776K
  class space    used 7794K, capacity 8180K, committed 8192K, reserved 1048576K
Event: 12.564 GC heap after
Heap after GC invocations=14 (full 3):
 PSYoungGen      total 177664K, used 0K [0x00000000e0000000, 0x00000000eeb00000, 0x0000000100000000)
  eden space 163328K, 0% used [0x00000000e0000000,0x00000000e0000000,0x00000000e9f80000)
  from space 14336K, 0% used [0x00000000e9f80000,0x00000000e9f80000,0x00000000ead80000)
  to   space 18944K, 0% used [0x00000000ed880000,0x00000000ed880000,0x00000000eeb00000)
 ParOldGen       total 129024K, used 37040K [0x00000000a0000000, 0x00000000a7e00000, 0x00000000e0000000)
  object space 129024K, 28% used [0x00000000a0000000,0x00000000a242c000,0x00000000a7e00000)
 Metaspace       used 57258K, capacity 58906K, committed 59096K, reserved 1099776K
  class space    used 7794K, capacity 8180K, committed 8192K, reserved 1048576K
}
Event: 20.311 GC heap before
{Heap before GC invocations=15 (full 3):
 PSYoungGen      total 177664K, used 163328K [0x00000000e0000000, 0x00000000eeb00000, 0x0000000100000000)
  eden space 163328K, 100% used [0x00000000e0000000,0x00000000e9f80000,0x00000000e9f80000)
  from space 14336K, 0% used [0x00000000e9f80000,0x00000000e9f80000,0x00000000ead80000)
  to   space 18944K, 0% used [0x00000000ed880000,0x00000000ed880000,0x00000000eeb00000)
 ParOldGen       total 129024K, used 37040K [0x00000000a0000000, 0x00000000a7e00000, 0x00000000e0000000)
  object space 129024K, 28% used [0x00000000a0000000,0x00000000a242c000,0x00000000a7e00000)
 Metaspace       used 63637K, capacity 65630K, committed 65880K, reserved 1105920K
  class space    used 8501K, capacity 8966K, committed 9088K, reserved 1048576K
Event: 20.327 GC heap after
Heap after GC invocations=15 (full 3):
 PSYoungGen      total 209920K, used 18224K [0x00000000e0000000, 0x00000000eea80000, 0x0000000100000000)
  eden space 191488K, 0% used [0x00000000e0000000,0x00000000e0000000,0x00000000ebb00000)
  from space 18432K, 98% used [0x00000000ed880000,0x00000000eea4c0c0,0x00000000eea80000)
  to   space 20992K, 0% used [0x00000000ec180000,0x00000000ec180000,0x00000000ed600000)
 ParOldGen       total 129024K, used 37048K [0x00000000a0000000, 0x00000000a7e00000, 0x00000000e0000000)
  object space 129024K, 28% used [0x00000000a0000000,0x00000000a242e000,0x00000000a7e00000)
 Metaspace       used 63637K, capacity 65630K, committed 65880K, reserved 1105920K
  class space    used 8501K, capacity 8966K, committed 9088K, reserved 1048576K
}

Deoptimization events (10 events):
Event: 20.502 Thread 0x00000000207e4000 Uncommon trap: reason=bimorphic action=maybe_recompile pc=0x00000000052427f4 method=com.sun.org.apache.xerces.internal.dom.ParentNode.checkNormalizationAfterInsert(Lcom/sun/org/apache/xerces/internal/dom/ChildNode;)V @ 23
Event: 20.517 Thread 0x00000000207e4000 Uncommon trap: reason=class_check action=maybe_recompile pc=0x00000000052606ac method=com.sun.org.apache.xerces.internal.dom.ElementImpl.getAttributes()Lorg/w3c/dom/NamedNodeMap; @ 8
Event: 20.519 Thread 0x00000000207e4000 Uncommon trap: reason=class_check action=maybe_recompile pc=0x00000000052606ac method=com.sun.org.apache.xerces.internal.dom.ElementImpl.getAttributes()Lorg/w3c/dom/NamedNodeMap; @ 8
Event: 20.519 Thread 0x00000000207e4000 Uncommon trap: reason=class_check action=maybe_recompile pc=0x00000000052606ac method=com.sun.org.apache.xerces.internal.dom.ElementImpl.getAttributes()Lorg/w3c/dom/NamedNodeMap; @ 8
Event: 20.519 Thread 0x00000000207e4000 Uncommon trap: reason=class_check action=maybe_recompile pc=0x00000000052606ac method=com.sun.org.apache.xerces.internal.dom.ElementImpl.getAttributes()Lorg/w3c/dom/NamedNodeMap; @ 8
Event: 20.528 Thread 0x00000000207e4000 Uncommon trap: reason=unstable_if action=reinterpret pc=0x00000000053c962c method=com.android.utils.XmlUtils.toXmlAttributeValue(Ljava/lang/String;)Ljava/lang/String; @ 33
Event: 20.528 Thread 0x00000000207e4000 Uncommon trap: reason=unstable_if action=reinterpret pc=0x0000000005284af8 method=com.android.utils.XmlUtils.toXmlAttributeValue(Ljava/lang/String;)Ljava/lang/String; @ 33
Event: 20.546 Thread 0x00000000207e4000 Uncommon trap: reason=unstable_if action=reinterpret pc=0x00000000053c5174 method=com.android.utils.XmlUtils.append(Lcom/android/utils/XmlUtils$PositionAwareStringBuilder;Lorg/w3c/dom/Node;Ljava/util/Map;Ljava/util/Set;)V @ 540
Event: 20.553 Thread 0x00000000207e4000 Uncommon trap: reason=class_check action=maybe_recompile pc=0x0000000004042884 method=java.io.Writer.append(Ljava/lang/CharSequence;)Ljava/io/Writer; @ 20
Event: 20.567 Thread 0x00000000207e4000 Uncommon trap: reason=unstable_if action=reinterpret pc=0x00000000054596c8 method=sun.nio.cs.UTF_8$Encoder.encodeArrayLoop(Ljava/nio/CharBuffer;Ljava/nio/ByteBuffer;)Ljava/nio/charset/CoderResult; @ 175

Classes redefined (0 events):
No events

Internal exceptions (10 events):
Event: 18.926 Thread 0x00000000207e4000 Implicit null exception at 0x000000000525d997 to 0x000000000525dcdd
Event: 18.928 Thread 0x00000000207e4000 Implicit null exception at 0x000000000523de6f to 0x000000000523e485
Event: 18.965 Thread 0x00000000207e4000 Implicit null exception at 0x0000000004837d6f to 0x0000000004837e0d
Event: 18.985 Thread 0x000000001c80d000 Exception <a 'java/io/FileNotFoundException'> (0x00000000e7edba38) thrown at [D:\src\AOSP-openjdk-cygwin\jdk8u\hotspot\src\share\vm\prims\jni.cpp, line 710]
Event: 19.010 Thread 0x000000001c80d000 Exception <a 'java/io/FileNotFoundException'> (0x00000000e8bc5a38) thrown at [D:\src\AOSP-openjdk-cygwin\jdk8u\hotspot\src\share\vm\prims\jni.cpp, line 710]
Event: 20.546 Thread 0x00000000207e4000 Implicit null exception at 0x00000000053c6c72 to 0x00000000053c5151
Event: 20.586 Thread 0x00000000207e4000 Exception <a 'java/lang/NoSuchMethodError': <clinit>> (0x00000000e0c43780) thrown at [D:\src\AOSP-openjdk-cygwin\jdk8u\hotspot\src\share\vm\prims\jni.cpp, line 1614]
Event: 20.590 Thread 0x00000000207e4000 Exception <a 'java/lang/NoSuchMethodError': <clinit>> (0x00000000e0c5d7d8) thrown at [D:\src\AOSP-openjdk-cygwin\jdk8u\hotspot\src\share\vm\prims\jni.cpp, line 1614]
Event: 20.590 Thread 0x00000000207e4000 Exception <a 'java/lang/NoSuchMethodError': <clinit>> (0x00000000e0c626c0) thrown at [D:\src\AOSP-openjdk-cygwin\jdk8u\hotspot\src\share\vm\prims\jni.cpp, line 1614]
Event: 20.590 Thread 0x00000000207e4000 Exception <a 'java/lang/NoSuchMethodError': <clinit>> (0x00000000e11b8d08) thrown at [D:\src\AOSP-openjdk-cygwin\jdk8u\hotspot\src\share\vm\prims\jni.cpp, line 1614]

Events (10 events):
Event: 20.689 Thread 0x0000000018bca000 flushing nmethod 0x000000000429bcd0
Event: 20.689 Thread 0x0000000018bca000 flushing nmethod 0x00000000043ed810
Event: 20.690 Thread 0x0000000018bca000 flushing nmethod 0x0000000004498810
Event: 20.691 Thread 0x0000000018bca000 flushing nmethod 0x00000000044cd050
Event: 20.694 Thread 0x0000000018bca000 flushing nmethod 0x00000000047bf6d0
Event: 20.694 Thread 0x0000000018bca000 flushing nmethod 0x000000000481e810
Event: 20.694 Thread 0x0000000018bca000 flushing nmethod 0x0000000004837f90
Event: 20.694 Thread 0x0000000018bca000 flushing nmethod 0x0000000004870090
Event: 20.694 Thread 0x0000000018bca000 flushing nmethod 0x0000000004874210
Event: 20.694 Thread 0x0000000018bca000 flushing nmethod 0x000000000489bf10


Dynamic libraries:
0x00007ff63b370000 - 0x00007ff63b3a1000 	D:\androidstudio\jre\bin\java.exe
0x00007ff8150e0000 - 0x00007ff8152cd000 	C:\Windows\SYSTEM32\ntdll.dll
0x00007ff814810000 - 0x00007ff8148c3000 	C:\Windows\System32\KERNEL32.DLL
0x00007ff811440000 - 0x00007ff8116d5000 	C:\Windows\System32\KERNELBASE.dll
0x00007ff806d80000 - 0x00007ff807217000 	C:\Windows\System32\TSafeDoc64.dll
0x00007ff812750000 - 0x00007ff8127bd000 	C:\Windows\System32\WS2_32.dll
0x00007ff812820000 - 0x00007ff812942000 	C:\Windows\System32\RPCRT4.dll
0x00007fffffef0000 - 0x00007ffffffee000 	C:\Windows\SYSTEM32\winhafnt64.dll
0x0000000000db0000 - 0x0000000000f47000 	C:\Windows\System32\USER32.dll
0x00007ff8122c0000 - 0x00007ff8122e0000 	C:\Windows\System32\win32u.dll
0x00007ff8146a0000 - 0x00007ff8146c9000 	C:\Windows\System32\GDI32.dll
0x00007ff812120000 - 0x00007ff8122ba000 	C:\Windows\System32\gdi32full.dll
0x00007ff8111a0000 - 0x00007ff811240000 	C:\Windows\System32\msvcp_win.dll
0x00007ff811240000 - 0x00007ff81133a000 	C:\Windows\System32\ucrtbase.dll
0x00007ff8123a0000 - 0x00007ff812443000 	C:\Windows\System32\ADVAPI32.dll
0x00007ff812300000 - 0x00007ff81239e000 	C:\Windows\System32\msvcrt.dll
0x00007ff814940000 - 0x00007ff8149de000 	C:\Windows\System32\sechost.dll
0x00007ff806d40000 - 0x00007ff806d4a000 	C:\Windows\SYSTEM32\VERSION.dll
0x00007ff8131a0000 - 0x00007ff814698000 	C:\Windows\System32\SHELL32.dll
0x00007ff805a00000 - 0x00007ff805a89000 	C:\Windows\SYSTEM32\WINSPOOL.DRV
0x00007ff814d20000 - 0x00007ff81504c000 	C:\Windows\System32\combase.dll
0x00007ff8113f0000 - 0x00007ff81143a000 	C:\Windows\System32\cfgmgr32.dll
0x00007ff811920000 - 0x00007ff81199e000 	C:\Windows\System32\bcryptPrimitives.dll
0x00007ff8110d0000 - 0x00007ff8110e1000 	C:\Windows\System32\kernel.appcore.dll
0x00007ff812f40000 - 0x00007ff812fe8000 	C:\Windows\System32\shcore.dll
0x00007ff8119a0000 - 0x00007ff8120ef000 	C:\Windows\System32\windows.storage.dll
0x00007ff811150000 - 0x00007ff811174000 	C:\Windows\System32\profapi.dll
0x00007ff8110f0000 - 0x00007ff81114d000 	C:\Windows\System32\powrprof.dll
0x00007ff8127c0000 - 0x00007ff812812000 	C:\Windows\System32\shlwapi.dll
0x00007ff8122e0000 - 0x00007ff8122f7000 	C:\Windows\System32\cryptsp.dll
0x00007ff812500000 - 0x00007ff812655000 	C:\Windows\System32\ole32.dll
0x00007ff814a00000 - 0x00007ff814ac4000 	C:\Windows\System32\OLEAUT32.dll
0x00007ff80b6f0000 - 0x00007ff80b899000 	C:\Windows\SYSTEM32\PROPSYS.dll
0x00007ff8105f0000 - 0x00007ff81062d000 	C:\Windows\SYSTEM32\IPHLPAPI.DLL
0x00007ff805990000 - 0x00007ff8059ab000 	C:\Windows\SYSTEM32\MPR.dll
0x00007ff8120f0000 - 0x00007ff812116000 	C:\Windows\System32\bcrypt.dll
0x00007ff80c010000 - 0x00007ff80c289000 	C:\Windows\WinSxS\amd64_microsoft.windows.common-controls_6595b64144ccf1df_6.0.17763.1282_none_de75b6f253473c0f\COMCTL32.dll
0x00007ff812450000 - 0x00007ff81247e000 	C:\Windows\System32\IMM32.DLL
0x00007fffff440000 - 0x00007fffff8b3000 	C:\Windows\SYSTEM32\winhadnt64.dll
0x00007ff810640000 - 0x00007ff810707000 	C:\Windows\SYSTEM32\Dnsapi.dll
0x00007ff814930000 - 0x00007ff814938000 	C:\Windows\System32\NSI.dll
0x00007ff804580000 - 0x00007ff80478e000 	C:\Windows\SYSTEM32\DtFrame64.dll
0x00007fffff2e0000 - 0x00007fffff440000 	C:\Windows\SYSTEM32\winbrohca64.dll
0x00007fffffb40000 - 0x00007fffffbac000 	C:\Windows\SYSTEM32\OLEACC.dll
0x00007fffff2a0000 - 0x00007fffff2d1000 	C:\Windows\SYSTEM32\TIjtdrvd64.dll
0x00007ff800c40000 - 0x00007ff800d5d000 	C:\Windows\SYSTEM32\DtsFrame64.dll
0x00007ff8108d0000 - 0x00007ff810937000 	C:\Windows\SYSTEM32\mswsock.dll
0x00007ff80dd70000 - 0x00007ff80dd7c000 	C:\Windows\SYSTEM32\WinUsb.dll
0x00007ff8126e0000 - 0x00007ff8126e8000 	C:\Windows\System32\psapi.dll
0x00007fffff1b0000 - 0x00007fffff2a0000 	C:\Windows\SYSTEM32\TMailHook64.dll
0x00007ff8149e0000 - 0x00007ff8149fd000 	C:\Windows\System32\Imagehlp.dll
0x00007ff800c10000 - 0x00007ff800c3a000 	C:\Windows\SYSTEM32\mapi32.dll
0x00007ff801430000 - 0x00007ff801447000 	C:\Windows\SYSTEM32\NetApi32.dll
0x00007ff801b80000 - 0x00007ff801ba6000 	C:\Windows\SYSTEM32\SRVCLI.DLL
0x00007ff800000000 - 0x00007ff80001d000 	C:\Windows\SYSTEM32\hlink.dll
0x000000005e020000 - 0x000000005e0f2000 	D:\androidstudio\jre\jre\bin\msvcr100.dll
0x000000005e100000 - 0x000000005e946000 	D:\androidstudio\jre\jre\bin\server\jvm.dll
0x00007ff8096d0000 - 0x00007ff8096d9000 	C:\Windows\SYSTEM32\WSOCK32.dll
0x00007ff8096a0000 - 0x00007ff8096c4000 	C:\Windows\SYSTEM32\WINMM.dll
0x00007ff809670000 - 0x00007ff80969d000 	C:\Windows\SYSTEM32\WINMMBASE.dll
0x00007ff809290000 - 0x00007ff80929f000 	D:\androidstudio\jre\jre\bin\verify.dll
0x00007ffffdb80000 - 0x00007ffffdba9000 	D:\androidstudio\jre\jre\bin\java.dll
0x00007ff803000000 - 0x00007ff803016000 	D:\androidstudio\jre\jre\bin\zip.dll
0x00007ff800da0000 - 0x00007ff800dba000 	D:\androidstudio\jre\jre\bin\net.dll
0x00007ff80b950000 - 0x00007ff80bb27000 	C:\Windows\SYSTEM32\urlmon.dll
0x00007ff809b80000 - 0x00007ff809e28000 	C:\Windows\SYSTEM32\iertutil.dll
0x00007ff810aa0000 - 0x00007ff810aac000 	C:\Windows\SYSTEM32\CRYPTBASE.DLL
0x00007ffffe250000 - 0x00007ffffe263000 	D:\androidstudio\jre\jre\bin\nio.dll
0x00007fffebd60000 - 0x00007fffebd86000 	C:\Users\xiaosq\.gradle\native\29\windows-amd64\native-platform.dll
0x00007ff809280000 - 0x00007ff80928d000 	D:\androidstudio\jre\jre\bin\management.dll
0x00007ff810450000 - 0x00007ff810483000 	C:\Windows\system32\rsaenh.dll
0x00007ff811000000 - 0x00007ff811028000 	C:\Windows\SYSTEM32\USERENV.dll
0x00007ff80d5f0000 - 0x00007ff80d606000 	C:\Windows\SYSTEM32\dhcpcsvc6.DLL
0x00007ff80d5d0000 - 0x00007ff80d5ec000 	C:\Windows\SYSTEM32\dhcpcsvc.DLL
0x00007ffffc330000 - 0x00007ffffc50f000 	C:\Windows\SYSTEM32\winncap364.dll
0x00007fffea600000 - 0x00007fffea79c000 	D:\androidstudio\jre\jre\bin\awt.dll
0x00007ff80fab0000 - 0x00007ff80fade000 	C:\Windows\SYSTEM32\dwmapi.dll
0x00007ff811740000 - 0x00007ff81191c000 	C:\Windows\System32\CRYPT32.dll
0x00007ff811180000 - 0x00007ff811192000 	C:\Windows\System32\MSASN1.dll
0x00007ff80e670000 - 0x00007ff80ec2e000 	C:\Windows\SYSTEM32\d2d1.dll
0x00007ff80f3d0000 - 0x00007ff80f45c000 	C:\Windows\SYSTEM32\apphelp.dll
0x00007ff80f690000 - 0x00007ff80f72c000 	C:\Windows\system32\uxtheme.dll

VM Arguments:
jvm_args: -Xmx1536m -Dfile.encoding=GBK -Duser.country=CN -Duser.language=zh -Duser.variant 
java_command: org.gradle.launcher.daemon.bootstrap.GradleDaemon 5.4.1
java_class_path (initial): C:\Users\xiaosq\.gradle\wrapper\dists\gradle-5.4.1-all\3221gyojl5jsh0helicew7rwx\gradle-5.4.1\lib\gradle-launcher-5.4.1.jar
Launcher Type: SUN_STANDARD

Environment Variables:
JAVA_HOME=D:\jdk
CLASSPATH=.;D:\jdk\lib;D:\jdk\lib\tools.jar
PATH=C:\Program Files (x86)\Common Files\Oracle\Java\javapath;C:\Windows\system32;C:\Windows;C:\Windows\System32\Wbem;C:\Windows\System32\WindowsPowerShell\v1.0\;C:\Windows\System32\OpenSSH\;D:\git\Git\cmd;"D:\jdk\bin;D:\jdk\jre\bin";C:\Users\xiaosq\AppData\Local\Microsoft\WindowsApps;
USERNAME=xiaosq
OS=Windows_NT
PROCESSOR_IDENTIFIER=Intel64 Family 6 Model 60 Stepping 3, GenuineIntel



---------------  S Y S T E M  ---------------

OS: Windows 10.0 , 64 bit Build 17763 (10.0.17763.1158)

CPU:total 4 (initial active 4) (4 cores per cpu, 1 threads per core) family 6 model 60 stepping 3, cmov, cx8, fxsr, mmx, sse, sse2, sse3, ssse3, sse4.1, sse4.2, popcnt, avx, avx2, aes, clmul, erms, lzcnt, tsc, tscinvbit, bmi1, bmi2

Memory: 4k page, physical 8286152k(495208k free), swap 21393476k(5704k free)

vm_info: OpenJDK 64-Bit Server VM (25.212-b04) for windows-amd64 JRE (1.8.0_212-release-1586-b04), built by "builder" with MS VC++ 10.0 (VS2010)

time: Thu Jun 11 15:49:38 2020
timezone: 中国标准时间
elapsed time: 20 seconds (0d 0h 0m 20s)

